Determining if the include file linux/if_addr.h exists failed with the following output:
Change Dir: /Users/youenn/Apple/Safari/OpenSource/Source/ThirdParty/libwebrtc/third_party/usrsctp/build/CMakeFiles/CMakeTmp

Run Build Command:"/usr/bin/xcodebuild" "-project" "CMAKE_TRY_COMPILE.xcodeproj" "build" "-target" "cmTC_d6893" "-configuration" "Debug"
2016-11-25 17:34:44.730 xcodebuild[28882:4299703] [MT] DVTAssertions: Warning in /Library/Caches/com.apple.xbs/Sources/DVTFrameworks/DVTFrameworks-11753/DVTFoundation/Devices/DVTProvisioningProfileManager.m:135
Details:  No provisioning profile provider found. Provisioning support will not function properly. Your Xcode installation may be damaged.
Object:   <DVTProvisioningProfileManager: 0x7f817114a770>
Method:   -provider
Thread:   <NSThread: 0x7f816c413a00>{number = 1, name = main}
Please file a bug at http://bugreport.apple.com with this warning message and any useful information you can provide.
2016-11-25 17:34:44.731 xcodebuild[28882:4299703] [MT] DVTAssertions: Warning in /Library/Caches/com.apple.xbs/Sources/DVTFrameworks/DVTFrameworks-11753/DVTFoundation/Devices/DVTProvisioningProfileManager.m:135
Details:  No provisioning profile provider found. Provisioning support will not function properly. Your Xcode installation may be damaged.
Object:   <DVTProvisioningProfileManager: 0x7f817114a770>
Method:   -provider
Thread:   <NSThread: 0x7f816c413a00>{number = 1, name = main}
Please file a bug at http://bugreport.apple.com with this warning message and any useful information you can provide.
2016-11-25 17:34:44.731 xcodebuild[28882:4299703] [MT] DVTAssertions: Warning in /Library/Caches/com.apple.xbs/Sources/DVTFrameworks/DVTFrameworks-11753/DVTFoundation/Devices/DVTProvisioningProfileManager.m:135
Details:  No provisioning profile provider found. Provisioning support will not function properly. Your Xcode installation may be damaged.
Object:   <DVTProvisioningProfileManager: 0x7f817114a770>
Method:   -provider
Thread:   <NSThread: 0x7f816c413a00>{number = 1, name = main}
Please file a bug at http://bugreport.apple.com with this warning message and any useful information you can provide.
=== BUILD TARGET cmTC_d6893 OF PROJECT CMAKE_TRY_COMPILE WITH CONFIGURATION Debug ===

Check dependencies
2016-11-25 17:34:44.854 xcodebuild[28882:4299703] [MT] DVTAssertions: Warning in /Library/Caches/com.apple.xbs/Sources/DVTFrameworks/DVTFrameworks-11753/DVTFoundation/Devices/DVTProvisioningProfileManager.m:135
Details:  No provisioning profile provider found. Provisioning support will not function properly. Your Xcode installation may be damaged.
Object:   <DVTProvisioningProfileManager: 0x7f817114a770>
Method:   -provider
Thread:   <NSThread: 0x7f816c413a00>{number = 1, name = main}
Please file a bug at http://bugreport.apple.com with this warning message and any useful information you can provide.
2016-11-25 17:34:44.857 xcodebuild[28882:4299703] [MT] DVTAssertions: Warning in /Library/Caches/com.apple.xbs/Sources/DVTFrameworks/DVTFrameworks-11753/DVTFoundation/Devices/DVTProvisioningProfileManager.m:135
Details:  No provisioning profile provider found. Provisioning support will not function properly. Your Xcode installation may be damaged.
Object:   <DVTProvisioningProfileManager: 0x7f817114a770>
Method:   -provider
Thread:   <NSThread: 0x7f816c413a00>{number = 1, name = main}
Please file a bug at http://bugreport.apple.com with this warning message and any useful information you can provide.
2016-11-25 17:34:44.858 xcodebuild[28882:4299713]  DVTAssertions: Warning in /Library/Caches/com.apple.xbs/Sources/DVTFrameworks/DVTFrameworks-11753/DVTFoundation/Devices/DVTProvisioningProfileManager.m:135
Details:  No provisioning profile provider found. Provisioning support will not function properly. Your Xcode installation may be damaged.
Object:   <DVTProvisioningProfileManager: 0x7f817114a770>
Method:   -provider
Thread:   <NSThread: 0x7f816c600440>{number = 3, name = (null)}
Please file a bug at http://bugreport.apple.com with this warning message and any useful information you can provide.

Write auxiliary files
/bin/mkdir -p /Users/youenn/Apple/Safari/OpenSource/Source/ThirdParty/libwebrtc/third_party/usrsctp/build/CMakeFiles/CMakeTmp/CMAKE_TRY_COMPILE.build/Debug/cmTC_d6893.build/Objects-normal/x86_64
write-file /Users/youenn/Apple/Safari/OpenSource/Source/ThirdParty/libwebrtc/third_party/usrsctp/build/CMakeFiles/CMakeTmp/CMAKE_TRY_COMPILE.build/Debug/cmTC_d6893.build/Objects-normal/x86_64/cmTC_d6893.LinkFileList

CompileC CMAKE_TRY_COMPILE.build/Debug/cmTC_d6893.build/Objects-normal/x86_64/CheckIncludeFile.o CheckIncludeFile.c normal x86_64 c com.apple.compilers.llvm.clang.1_0.compiler
    cd /Users/youenn/Apple/Safari/OpenSource/Source/ThirdParty/libwebrtc/third_party/usrsctp/build/CMakeFiles/CMakeTmp
    export LANG=en_US.US-ASCII
    /Applications/Xcode.app/Contents/Developer/Toolchains/XcodeDefault.xctoolchain/usr/bin/clang -x c -arch x86_64 -fmessage-length=0 -fdiagnostics-show-note-include-stack -fmacro-backtrace-limit=0 -Wno-trigraphs -fpascal-strings -O0 -Wno-missing-field-initializers -Wno-missing-prototypes -Wno-return-type -Wno-missing-braces -Wparentheses -Wswitch -Wno-unused-function -Wno-unused-label -Wno-unused-parameter -Wno-unused-variable -Wunused-value -Wno-empty-body -Wno-uninitialized -Wno-unknown-pragmas -Wno-shadow -Wno-four-char-constants -Wno-conversion -Wno-constant-conversion -Wno-int-conversion -Wno-bool-conversion -Wno-enum-conversion -Wno-shorten-64-to-32 -Wpointer-sign -Wno-newline-eof -DCMAKE_INTDIR=\"Debug\" -isysroot /Applications/Xcode.app/Contents/Developer/Platforms/MacOSX.platform/Developer/SDKs/MacOSX10.12.sdk -fasm-blocks -fstrict-aliasing -Wdeprecated-declarations -mmacosx-version-min=10.12 -g -Wno-sign-conversion -Wno-infinite-recursion -I/Users/youenn/Apple/Safari/OpenSource/Source/ThirdParty/libwebrtc/third_party/usrsctp/build/CMakeFiles/CMakeTmp/Debug/include -I/Users/youenn/Apple/Safari/OpenSource/Source/ThirdParty/libwebrtc/third_party/usrsctp/usrsctplib/usrsctplib -I/Users/youenn/Apple/Safari/OpenSource/Source/ThirdParty/libwebrtc/third_party/usrsctp/build/CMakeFiles/CMakeTmp/CMAKE_TRY_COMPILE.build/Debug/cmTC_d6893.build/DerivedSources/x86_64 -I/Users/youenn/Apple/Safari/OpenSource/Source/ThirdParty/libwebrtc/third_party/usrsctp/build/CMakeFiles/CMakeTmp/CMAKE_TRY_COMPILE.build/Debug/cmTC_d6893.build/DerivedSources -Wmost -Wno-four-char-constants -Wno-unknown-pragmas -F/Users/youenn/Apple/Safari/OpenSource/Source/ThirdParty/libwebrtc/third_party/usrsctp/build/CMakeFiles/CMakeTmp/Debug -MMD -MT dependencies -MF /Users/youenn/Apple/Safari/OpenSource/Source/ThirdParty/libwebrtc/third_party/usrsctp/build/CMakeFiles/CMakeTmp/CMAKE_TRY_COMPILE.build/Debug/cmTC_d6893.build/Objects-normal/x86_64/CheckIncludeFile.d --serialize-diagnostics /Users/youenn/Apple/Safari/OpenSource/Source/ThirdParty/libwebrtc/third_party/usrsctp/build/CMakeFiles/CMakeTmp/CMAKE_TRY_COMPILE.build/Debug/cmTC_d6893.build/Objects-normal/x86_64/CheckIncludeFile.dia -c /Users/youenn/Apple/Safari/OpenSource/Source/ThirdParty/libwebrtc/third_party/usrsctp/build/CMakeFiles/CMakeTmp/CheckIncludeFile.c -o /Users/youenn/Apple/Safari/OpenSource/Source/ThirdParty/libwebrtc/third_party/usrsctp/build/CMakeFiles/CMakeTmp/CMAKE_TRY_COMPILE.build/Debug/cmTC_d6893.build/Objects-normal/x86_64/CheckIncludeFile.o
/Users/youenn/Apple/Safari/OpenSource/Source/ThirdParty/libwebrtc/third_party/usrsctp/build/CMakeFiles/CMakeTmp/CheckIncludeFile.c:1:10: fatal error: 'linux/if_addr.h' file not found
#include <linux/if_addr.h>
         ^
1 error generated.

** BUILD FAILED **


The following build commands failed:
	CompileC CMAKE_TRY_COMPILE.build/Debug/cmTC_d6893.build/Objects-normal/x86_64/CheckIncludeFile.o CheckIncludeFile.c normal x86_64 c com.apple.compilers.llvm.clang.1_0.compiler
(1 failure)


Determining if the include file linux/rtnetlink.h exists failed with the following output:
Change Dir: /Users/youenn/Apple/Safari/OpenSource/Source/ThirdParty/libwebrtc/third_party/usrsctp/build/CMakeFiles/CMakeTmp

Run Build Command:"/usr/bin/xcodebuild" "-project" "CMAKE_TRY_COMPILE.xcodeproj" "build" "-target" "cmTC_07a5f" "-configuration" "Debug"
2016-11-25 17:34:45.246 xcodebuild[28898:4299767] [MT] DVTAssertions: Warning in /Library/Caches/com.apple.xbs/Sources/DVTFrameworks/DVTFrameworks-11753/DVTFoundation/Devices/DVTProvisioningProfileManager.m:135
Details:  No provisioning profile provider found. Provisioning support will not function properly. Your Xcode installation may be damaged.
Object:   <DVTProvisioningProfileManager: 0x7fdd97898c90>
Method:   -provider
Thread:   <NSThread: 0x7fdd92d135d0>{number = 1, name = main}
Please file a bug at http://bugreport.apple.com with this warning message and any useful information you can provide.
2016-11-25 17:34:45.248 xcodebuild[28898:4299767] [MT] DVTAssertions: Warning in /Library/Caches/com.apple.xbs/Sources/DVTFrameworks/DVTFrameworks-11753/DVTFoundation/Devices/DVTProvisioningProfileManager.m:135
Details:  No provisioning profile provider found. Provisioning support will not function properly. Your Xcode installation may be damaged.
Object:   <DVTProvisioningProfileManager: 0x7fdd97898c90>
Method:   -provider
Thread:   <NSThread: 0x7fdd92d135d0>{number = 1, name = main}
Please file a bug at http://bugreport.apple.com with this warning message and any useful information you can provide.
2016-11-25 17:34:45.248 xcodebuild[28898:4299767] [MT] DVTAssertions: Warning in /Library/Caches/com.apple.xbs/Sources/DVTFrameworks/DVTFrameworks-11753/DVTFoundation/Devices/DVTProvisioningProfileManager.m:135
Details:  No provisioning profile provider found. Provisioning support will not function properly. Your Xcode installation may be damaged.
Object:   <DVTProvisioningProfileManager: 0x7fdd97898c90>
Method:   -provider
Thread:   <NSThread: 0x7fdd92d135d0>{number = 1, name = main}
Please file a bug at http://bugreport.apple.com with this warning message and any useful information you can provide.
=== BUILD TARGET cmTC_07a5f OF PROJECT CMAKE_TRY_COMPILE WITH CONFIGURATION Debug ===

Check dependencies
2016-11-25 17:34:45.369 xcodebuild[28898:4299767] [MT] DVTAssertions: Warning in /Library/Caches/com.apple.xbs/Sources/DVTFrameworks/DVTFrameworks-11753/DVTFoundation/Devices/DVTProvisioningProfileManager.m:135
Details:  No provisioning profile provider found. Provisioning support will not function properly. Your Xcode installation may be damaged.
Object:   <DVTProvisioningProfileManager: 0x7fdd97898c90>
Method:   -provider
Thread:   <NSThread: 0x7fdd92d135d0>{number = 1, name = main}
Please file a bug at http://bugreport.apple.com with this warning message and any useful information you can provide.
2016-11-25 17:34:45.371 xcodebuild[28898:4299767] [MT] DVTAssertions: Warning in /Library/Caches/com.apple.xbs/Sources/DVTFrameworks/DVTFrameworks-11753/DVTFoundation/Devices/DVTProvisioningProfileManager.m:135
Details:  No provisioning profile provider found. Provisioning support will not function properly. Your Xcode installation may be damaged.
Object:   <DVTProvisioningProfileManager: 0x7fdd97898c90>
Method:   -provider
Thread:   <NSThread: 0x7fdd92d135d0>{number = 1, name = main}
Please file a bug at http://bugreport.apple.com with this warning message and any useful information you can provide.
2016-11-25 17:34:45.372 xcodebuild[28898:4299769]  DVTAssertions: Warning in /Library/Caches/com.apple.xbs/Sources/DVTFrameworks/DVTFrameworks-11753/DVTFoundation/Devices/DVTProvisioningProfileManager.m:135
Details:  No provisioning profile provider found. Provisioning support will not function properly. Your Xcode installation may be damaged.
Object:   <DVTProvisioningProfileManager: 0x7fdd97898c90>
Method:   -provider
Thread:   <NSThread: 0x7fdd92e250d0>{number = 2, name = (null)}
Please file a bug at http://bugreport.apple.com with this warning message and any useful information you can provide.

Write auxiliary files
/bin/mkdir -p /Users/youenn/Apple/Safari/OpenSource/Source/ThirdParty/libwebrtc/third_party/usrsctp/build/CMakeFiles/CMakeTmp/CMAKE_TRY_COMPILE.build/Debug/cmTC_07a5f.build/Objects-normal/x86_64
write-file /Users/youenn/Apple/Safari/OpenSource/Source/ThirdParty/libwebrtc/third_party/usrsctp/build/CMakeFiles/CMakeTmp/CMAKE_TRY_COMPILE.build/Debug/cmTC_07a5f.build/Objects-normal/x86_64/cmTC_07a5f.LinkFileList

CompileC CMAKE_TRY_COMPILE.build/Debug/cmTC_07a5f.build/Objects-normal/x86_64/CheckIncludeFile.o CheckIncludeFile.c normal x86_64 c com.apple.compilers.llvm.clang.1_0.compiler
    cd /Users/youenn/Apple/Safari/OpenSource/Source/ThirdParty/libwebrtc/third_party/usrsctp/build/CMakeFiles/CMakeTmp
    export LANG=en_US.US-ASCII
    /Applications/Xcode.app/Contents/Developer/Toolchains/XcodeDefault.xctoolchain/usr/bin/clang -x c -arch x86_64 -fmessage-length=0 -fdiagnostics-show-note-include-stack -fmacro-backtrace-limit=0 -Wno-trigraphs -fpascal-strings -O0 -Wno-missing-field-initializers -Wno-missing-prototypes -Wno-return-type -Wno-missing-braces -Wparentheses -Wswitch -Wno-unused-function -Wno-unused-label -Wno-unused-parameter -Wno-unused-variable -Wunused-value -Wno-empty-body -Wno-uninitialized -Wno-unknown-pragmas -Wno-shadow -Wno-four-char-constants -Wno-conversion -Wno-constant-conversion -Wno-int-conversion -Wno-bool-conversion -Wno-enum-conversion -Wno-shorten-64-to-32 -Wpointer-sign -Wno-newline-eof -DCMAKE_INTDIR=\"Debug\" -isysroot /Applications/Xcode.app/Contents/Developer/Platforms/MacOSX.platform/Developer/SDKs/MacOSX10.12.sdk -fasm-blocks -fstrict-aliasing -Wdeprecated-declarations -mmacosx-version-min=10.12 -g -Wno-sign-conversion -Wno-infinite-recursion -I/Users/youenn/Apple/Safari/OpenSource/Source/ThirdParty/libwebrtc/third_party/usrsctp/build/CMakeFiles/CMakeTmp/Debug/include -I/Users/youenn/Apple/Safari/OpenSource/Source/ThirdParty/libwebrtc/third_party/usrsctp/usrsctplib/usrsctplib -I/Users/youenn/Apple/Safari/OpenSource/Source/ThirdParty/libwebrtc/third_party/usrsctp/build/CMakeFiles/CMakeTmp/CMAKE_TRY_COMPILE.build/Debug/cmTC_07a5f.build/DerivedSources/x86_64 -I/Users/youenn/Apple/Safari/OpenSource/Source/ThirdParty/libwebrtc/third_party/usrsctp/build/CMakeFiles/CMakeTmp/CMAKE_TRY_COMPILE.build/Debug/cmTC_07a5f.build/DerivedSources -Wmost -Wno-four-char-constants -Wno-unknown-pragmas -F/Users/youenn/Apple/Safari/OpenSource/Source/ThirdParty/libwebrtc/third_party/usrsctp/build/CMakeFiles/CMakeTmp/Debug -MMD -MT dependencies -MF /Users/youenn/Apple/Safari/OpenSource/Source/ThirdParty/libwebrtc/third_party/usrsctp/build/CMakeFiles/CMakeTmp/CMAKE_TRY_COMPILE.build/Debug/cmTC_07a5f.build/Objects-normal/x86_64/CheckIncludeFile.d --serialize-diagnostics /Users/youenn/Apple/Safari/OpenSource/Source/ThirdParty/libwebrtc/third_party/usrsctp/build/CMakeFiles/CMakeTmp/CMAKE_TRY_COMPILE.build/Debug/cmTC_07a5f.build/Objects-normal/x86_64/CheckIncludeFile.dia -c /Users/youenn/Apple/Safari/OpenSource/Source/ThirdParty/libwebrtc/third_party/usrsctp/build/CMakeFiles/CMakeTmp/CheckIncludeFile.c -o /Users/youenn/Apple/Safari/OpenSource/Source/ThirdParty/libwebrtc/third_party/usrsctp/build/CMakeFiles/CMakeTmp/CMAKE_TRY_COMPILE.build/Debug/cmTC_07a5f.build/Objects-normal/x86_64/CheckIncludeFile.o
/Users/youenn/Apple/Safari/OpenSource/Source/ThirdParty/libwebrtc/third_party/usrsctp/build/CMakeFiles/CMakeTmp/CheckIncludeFile.c:1:10: fatal error: 'linux/rtnetlink.h' file not found
#include <linux/rtnetlink.h>
         ^
1 error generated.

** BUILD FAILED **


The following build commands failed:
	CompileC CMAKE_TRY_COMPILE.build/Debug/cmTC_07a5f.build/Objects-normal/x86_64/CheckIncludeFile.o CheckIncludeFile.c normal x86_64 c com.apple.compilers.llvm.clang.1_0.compiler
(1 failure)


Determining if the include file netinet/ip_icmp.h exists failed with the following output:
Change Dir: /Users/youenn/Apple/Safari/OpenSource/Source/ThirdParty/libwebrtc/third_party/usrsctp/build/CMakeFiles/CMakeTmp

Run Build Command:"/usr/bin/xcodebuild" "-project" "CMAKE_TRY_COMPILE.xcodeproj" "build" "-target" "cmTC_fb0ac" "-configuration" "Debug"
2016-11-25 17:34:45.754 xcodebuild[28914:4299824] [MT] DVTAssertions: Warning in /Library/Caches/com.apple.xbs/Sources/DVTFrameworks/DVTFrameworks-11753/DVTFoundation/Devices/DVTProvisioningProfileManager.m:135
Details:  No provisioning profile provider found. Provisioning support will not function properly. Your Xcode installation may be damaged.
Object:   <DVTProvisioningProfileManager: 0x7faddea10ae0>
Method:   -provider
Thread:   <NSThread: 0x7fadd9c13a00>{number = 1, name = main}
Please file a bug at http://bugreport.apple.com with this warning message and any useful information you can provide.
2016-11-25 17:34:45.755 xcodebuild[28914:4299824] [MT] DVTAssertions: Warning in /Library/Caches/com.apple.xbs/Sources/DVTFrameworks/DVTFrameworks-11753/DVTFoundation/Devices/DVTProvisioningProfileManager.m:135
Details:  No provisioning profile provider found. Provisioning support will not function properly. Your Xcode installation may be damaged.
Object:   <DVTProvisioningProfileManager: 0x7faddea10ae0>
Method:   -provider
Thread:   <NSThread: 0x7fadd9c13a00>{number = 1, name = main}
Please file a bug at http://bugreport.apple.com with this warning message and any useful information you can provide.
2016-11-25 17:34:45.755 xcodebuild[28914:4299824] [MT] DVTAssertions: Warning in /Library/Caches/com.apple.xbs/Sources/DVTFrameworks/DVTFrameworks-11753/DVTFoundation/Devices/DVTProvisioningProfileManager.m:135
Details:  No provisioning profile provider found. Provisioning support will not function properly. Your Xcode installation may be damaged.
Object:   <DVTProvisioningProfileManager: 0x7faddea10ae0>
Method:   -provider
Thread:   <NSThread: 0x7fadd9c13a00>{number = 1, name = main}
Please file a bug at http://bugreport.apple.com with this warning message and any useful information you can provide.
=== BUILD TARGET cmTC_fb0ac OF PROJECT CMAKE_TRY_COMPILE WITH CONFIGURATION Debug ===

Check dependencies
2016-11-25 17:34:45.877 xcodebuild[28914:4299824] [MT] DVTAssertions: Warning in /Library/Caches/com.apple.xbs/Sources/DVTFrameworks/DVTFrameworks-11753/DVTFoundation/Devices/DVTProvisioningProfileManager.m:135
Details:  No provisioning profile provider found. Provisioning support will not function properly. Your Xcode installation may be damaged.
Object:   <DVTProvisioningProfileManager: 0x7faddea10ae0>
Method:   -provider
Thread:   <NSThread: 0x7fadd9c13a00>{number = 1, name = main}
Please file a bug at http://bugreport.apple.com with this warning message and any useful information you can provide.
2016-11-25 17:34:45.879 xcodebuild[28914:4299824] [MT] DVTAssertions: Warning in /Library/Caches/com.apple.xbs/Sources/DVTFrameworks/DVTFrameworks-11753/DVTFoundation/Devices/DVTProvisioningProfileManager.m:135
Details:  No provisioning profile provider found. Provisioning support will not function properly. Your Xcode installation may be damaged.
Object:   <DVTProvisioningProfileManager: 0x7faddea10ae0>
Method:   -provider
Thread:   <NSThread: 0x7fadd9c13a00>{number = 1, name = main}
Please file a bug at http://bugreport.apple.com with this warning message and any useful information you can provide.
2016-11-25 17:34:45.880 xcodebuild[28914:4299826]  DVTAssertions: Warning in /Library/Caches/com.apple.xbs/Sources/DVTFrameworks/DVTFrameworks-11753/DVTFoundation/Devices/DVTProvisioningProfileManager.m:135
Details:  No provisioning profile provider found. Provisioning support will not function properly. Your Xcode installation may be damaged.
Object:   <DVTProvisioningProfileManager: 0x7faddea10ae0>
Method:   -provider
Thread:   <NSThread: 0x7fadd9e01d40>{number = 2, name = (null)}
Please file a bug at http://bugreport.apple.com with this warning message and any useful information you can provide.

Write auxiliary files
/bin/mkdir -p /Users/youenn/Apple/Safari/OpenSource/Source/ThirdParty/libwebrtc/third_party/usrsctp/build/CMakeFiles/CMakeTmp/CMAKE_TRY_COMPILE.build/Debug/cmTC_fb0ac.build/Objects-normal/x86_64
write-file /Users/youenn/Apple/Safari/OpenSource/Source/ThirdParty/libwebrtc/third_party/usrsctp/build/CMakeFiles/CMakeTmp/CMAKE_TRY_COMPILE.build/Debug/cmTC_fb0ac.build/Objects-normal/x86_64/cmTC_fb0ac.LinkFileList

CompileC CMAKE_TRY_COMPILE.build/Debug/cmTC_fb0ac.build/Objects-normal/x86_64/CheckIncludeFile.o CheckIncludeFile.c normal x86_64 c com.apple.compilers.llvm.clang.1_0.compiler
    cd /Users/youenn/Apple/Safari/OpenSource/Source/ThirdParty/libwebrtc/third_party/usrsctp/build/CMakeFiles/CMakeTmp
    export LANG=en_US.US-ASCII
    /Applications/Xcode.app/Contents/Developer/Toolchains/XcodeDefault.xctoolchain/usr/bin/clang -x c -arch x86_64 -fmessage-length=0 -fdiagnostics-show-note-include-stack -fmacro-backtrace-limit=0 -Wno-trigraphs -fpascal-strings -O0 -Wno-missing-field-initializers -Wno-missing-prototypes -Wno-return-type -Wno-missing-braces -Wparentheses -Wswitch -Wno-unused-function -Wno-unused-label -Wno-unused-parameter -Wno-unused-variable -Wunused-value -Wno-empty-body -Wno-uninitialized -Wno-unknown-pragmas -Wno-shadow -Wno-four-char-constants -Wno-conversion -Wno-constant-conversion -Wno-int-conversion -Wno-bool-conversion -Wno-enum-conversion -Wno-shorten-64-to-32 -Wpointer-sign -Wno-newline-eof -DCMAKE_INTDIR=\"Debug\" -isysroot /Applications/Xcode.app/Contents/Developer/Platforms/MacOSX.platform/Developer/SDKs/MacOSX10.12.sdk -fasm-blocks -fstrict-aliasing -Wdeprecated-declarations -mmacosx-version-min=10.12 -g -Wno-sign-conversion -Wno-infinite-recursion -I/Users/youenn/Apple/Safari/OpenSource/Source/ThirdParty/libwebrtc/third_party/usrsctp/build/CMakeFiles/CMakeTmp/Debug/include -I/Users/youenn/Apple/Safari/OpenSource/Source/ThirdParty/libwebrtc/third_party/usrsctp/usrsctplib/usrsctplib -I/Users/youenn/Apple/Safari/OpenSource/Source/ThirdParty/libwebrtc/third_party/usrsctp/build/CMakeFiles/CMakeTmp/CMAKE_TRY_COMPILE.build/Debug/cmTC_fb0ac.build/DerivedSources/x86_64 -I/Users/youenn/Apple/Safari/OpenSource/Source/ThirdParty/libwebrtc/third_party/usrsctp/build/CMakeFiles/CMakeTmp/CMAKE_TRY_COMPILE.build/Debug/cmTC_fb0ac.build/DerivedSources -Wmost -Wno-four-char-constants -Wno-unknown-pragmas -F/Users/youenn/Apple/Safari/OpenSource/Source/ThirdParty/libwebrtc/third_party/usrsctp/build/CMakeFiles/CMakeTmp/Debug -MMD -MT dependencies -MF /Users/youenn/Apple/Safari/OpenSource/Source/ThirdParty/libwebrtc/third_party/usrsctp/build/CMakeFiles/CMakeTmp/CMAKE_TRY_COMPILE.build/Debug/cmTC_fb0ac.build/Objects-normal/x86_64/CheckIncludeFile.d --serialize-diagnostics /Users/youenn/Apple/Safari/OpenSource/Source/ThirdParty/libwebrtc/third_party/usrsctp/build/CMakeFiles/CMakeTmp/CMAKE_TRY_COMPILE.build/Debug/cmTC_fb0ac.build/Objects-normal/x86_64/CheckIncludeFile.dia -c /Users/youenn/Apple/Safari/OpenSource/Source/ThirdParty/libwebrtc/third_party/usrsctp/build/CMakeFiles/CMakeTmp/CheckIncludeFile.c -o /Users/youenn/Apple/Safari/OpenSource/Source/ThirdParty/libwebrtc/third_party/usrsctp/build/CMakeFiles/CMakeTmp/CMAKE_TRY_COMPILE.build/Debug/cmTC_fb0ac.build/Objects-normal/x86_64/CheckIncludeFile.o
In file included from /Users/youenn/Apple/Safari/OpenSource/Source/ThirdParty/libwebrtc/third_party/usrsctp/build/CMakeFiles/CMakeTmp/CheckIncludeFile.c:1:
/Applications/Xcode.app/Contents/Developer/Platforms/MacOSX.platform/Developer/SDKs/MacOSX10.12.sdk/usr/include/netinet/ip_icmp.h:77:2: error: unknown type name 'u_int32_t'; did you mean '__int128_t'?
        u_int32_t ira_addr;
        ^
note: '__int128_t' declared here
/Applications/Xcode.app/Contents/Developer/Platforms/MacOSX.platform/Developer/SDKs/MacOSX10.12.sdk/usr/include/netinet/ip_icmp.h:78:2: error: unknown type name 'u_int32_t'; did you mean '__int128_t'?
        u_int32_t ira_preference;
        ^
note: '__int128_t' declared here
/Applications/Xcode.app/Contents/Developer/Platforms/MacOSX.platform/Developer/SDKs/MacOSX10.12.sdk/usr/include/netinet/ip_icmp.h:85:2: error: unknown type name 'u_char'; did you mean 'char'?
        u_char  icmp_type;              /* type of message, see below */
        ^
/Applications/Xcode.app/Contents/Developer/Platforms/MacOSX.platform/Developer/SDKs/MacOSX10.12.sdk/usr/include/netinet/ip_icmp.h:86:2: error: unknown type name 'u_char'; did you mean 'char'?
        u_char  icmp_code;              /* type sub code */
        ^
/Applications/Xcode.app/Contents/Developer/Platforms/MacOSX.platform/Developer/SDKs/MacOSX10.12.sdk/usr/include/netinet/ip_icmp.h:87:2: error: unknown type name 'u_short'; did you mean 'short'?
        u_short icmp_cksum;             /* ones complement cksum of struct */
        ^
/Applications/Xcode.app/Contents/Developer/Platforms/MacOSX.platform/Developer/SDKs/MacOSX10.12.sdk/usr/include/netinet/ip_icmp.h:89:3: error: unknown type name 'u_char'; did you mean 'char'?
                u_char ih_pptr;                 /* ICMP_PARAMPROB */
                ^
/Applications/Xcode.app/Contents/Developer/Platforms/MacOSX.platform/Developer/SDKs/MacOSX10.12.sdk/usr/include/netinet/ip_icmp.h:90:18: error: field has incomplete type 'struct in_addr'
                struct in_addr ih_gwaddr;       /* ICMP_REDIRECT */
                               ^
/Applications/Xcode.app/Contents/Developer/Platforms/MacOSX.platform/Developer/SDKs/MacOSX10.12.sdk/usr/include/netinet/ip_icmp.h:90:10: note: forward declaration of 'struct in_addr'
                struct in_addr ih_gwaddr;       /* ICMP_REDIRECT */
                       ^
/Applications/Xcode.app/Contents/Developer/Platforms/MacOSX.platform/Developer/SDKs/MacOSX10.12.sdk/usr/include/netinet/ip_icmp.h:92:4: error: unknown type name 'n_short'; did you mean 'short'?
                        n_short icd_id;
                        ^
/Applications/Xcode.app/Contents/Developer/Platforms/MacOSX.platform/Developer/SDKs/MacOSX10.12.sdk/usr/include/netinet/ip_icmp.h:93:4: error: unknown type name 'n_short'; did you mean 'short'?
                        n_short icd_seq;
                        ^
/Applications/Xcode.app/Contents/Developer/Platforms/MacOSX.platform/Developer/SDKs/MacOSX10.12.sdk/usr/include/netinet/ip_icmp.h:99:4: error: unknown type name 'n_short'; did you mean 'short'?
                        n_short ipm_void;
                        ^
/Applications/Xcode.app/Contents/Developer/Platforms/MacOSX.platform/Developer/SDKs/MacOSX10.12.sdk/usr/include/netinet/ip_icmp.h:100:4: error: unknown type name 'n_short'; did you mean 'short'?
                        n_short ipm_nextmtu;
                        ^
/Applications/Xcode.app/Contents/Developer/Platforms/MacOSX.platform/Developer/SDKs/MacOSX10.12.sdk/usr/include/netinet/ip_icmp.h:104:4: error: unknown type name 'u_char'; did you mean 'char'?
                        u_char irt_num_addrs;
                        ^
/Applications/Xcode.app/Contents/Developer/Platforms/MacOSX.platform/Developer/SDKs/MacOSX10.12.sdk/usr/include/netinet/ip_icmp.h:105:4: error: unknown type name 'u_char'; did you mean 'char'?
                        u_char irt_wpa;
                        ^
/Applications/Xcode.app/Contents/Developer/Platforms/MacOSX.platform/Developer/SDKs/MacOSX10.12.sdk/usr/include/netinet/ip_icmp.h:106:4: error: unknown type name 'u_int16_t'; did you mean '__int128_t'?
                        u_int16_t irt_lifetime;
                        ^
note: '__int128_t' declared here
/Applications/Xcode.app/Contents/Developer/Platforms/MacOSX.platform/Developer/SDKs/MacOSX10.12.sdk/usr/include/netinet/ip_icmp.h:121:4: error: unknown type name 'n_time'
                        n_time its_otime;
                        ^
/Applications/Xcode.app/Contents/Developer/Platforms/MacOSX.platform/Developer/SDKs/MacOSX10.12.sdk/usr/include/netinet/ip_icmp.h:122:4: error: unknown type name 'n_time'
                        n_time its_rtime;
                        ^
/Applications/Xcode.app/Contents/Developer/Platforms/MacOSX.platform/Developer/SDKs/MacOSX10.12.sdk/usr/include/netinet/ip_icmp.h:123:4: error: unknown type name 'n_time'
                        n_time its_ttime;
                        ^
/Applications/Xcode.app/Contents/Developer/Platforms/MacOSX.platform/Developer/SDKs/MacOSX10.12.sdk/usr/include/netinet/ip_icmp.h:126:14: error: field has incomplete type 'struct ip'
                        struct ip idi_ip;
                                  ^
/Applications/Xcode.app/Contents/Developer/Platforms/MacOSX.platform/Developer/SDKs/MacOSX10.12.sdk/usr/include/netinet/ip_icmp.h:126:11: note: forward declaration of 'struct ip'
                        struct ip idi_ip;
                               ^
/Applications/Xcode.app/Contents/Developer/Platforms/MacOSX.platform/Developer/SDKs/MacOSX10.12.sdk/usr/include/netinet/ip_icmp.h:130:3: error: unknown type name 'u_int32_t'; did you mean '__int128_t'?
                u_int32_t id_mask;
                ^
note: '__int128_t' declared here
19 errors generated.

** BUILD FAILED **


The following build commands failed:
	CompileC CMAKE_TRY_COMPILE.build/Debug/cmTC_fb0ac.build/Objects-normal/x86_64/CheckIncludeFile.o CheckIncludeFile.c normal x86_64 c com.apple.compilers.llvm.clang.1_0.compiler
(1 failure)


